SCRIPT_NAME: /home/ubuntu-home/public_html/gorigorilinux/get-article-list.php
DOCUMENT_ROOT: 
<<<<<<< HEAD
SERVER_URI: /~ta/gorigorilinux/get-article-list.php?article=%E3%83%97%E3%83%AD%E3%82%B0%E3%83%A9%E3%83%9F%E3%83%B3%E3%82%B0/Java/Java-GTK/001_start-java-gnome-gtk.md
cate: プログラミング/Java/Java-GTK/001_start-java-gnome-gtk.md
cate: prog/java/03_gtk/001_start-java-gnome-gtk.md
path: /home/ubuntu-home/public_html/gorigorilinux/closed/articles/prog/java/03_gtk/001_start-java-gnome-gtk.md
filemtime: 2019-10-5-20-19-57
RESULT: {
    "itemLink": "https://gorigorilinux.net/entry-start-java-gnome-gtk", 
    "itemAuthor": "info@singersongwriter.ciao.jp (田中喬之)", 
    "itemCategory": "プログラミング", 
    "itemComment": "", 
    "itemGuid": "https://gorigorilinux.net/entry-start-java-gnome-gtk", 
    "itemSource": "", 
    "itemTitle": "JavaでGTKアプリケーションを作ってみる", 
    "itemDescription": "Ubuntuで動くGTKを使ったGUIのアプリケーションをJavaで作ってみます。準備Javaのインストール好きなJDKをインストールします。JDKは色々な種類がありますが、ここではOracle JDK 13を使います。リンク: Java SE Downloads | Oracle.comIDEのインストールIDEをインストールします。Javaそのものも普通のテキストエディタで手書きは大変です。GTKもまた、中々手書きが大変なAPIです。どうしましょう。IDEがあるではありませんか。ということで個人的に慣れ親しんだEclipseをインストールします。リンク: https://www.eclipse.orgGTK+のインストールUbuntuの場合aptを使ってgtkの開発環境をインストールします。$ sudo apt install libgtk-3-devJava-GNOMEのインストールjava-gnomeのバインディングを公開しているサイトがあります。リンク: The java-gnome User Interface LibraryUbuntuの場合aptコマン...", 
    "itemPubDate": "2019-10-5-20-19-57"
=======
SERVER_URI: /~ta/gorigorilinux/get-article-list.php?article=%E3%83%97%E3%83%AD%E3%82%B0%E3%83%A9%E3%83%9F%E3%83%B3%E3%82%B0/Java/%E6%BA%96%E5%82%99/001_start-java.md
cate: プログラミング/Java/準備/001_start-java.md
cate: prog/java/01_prolog/001_start-java.md
path: /home/ubuntu-home/public_html/gorigorilinux/closed/articles/prog/java/01_prolog/001_start-java.md
filemtime: 2019-10-1-07-08-54
RESULT: {
    "itemLink": "https://gorigorilinux.net/entry-start-java", 
    "itemAuthor": "info@singersongwriter.ciao.jp (田中喬之)", 
    "itemCategory": "プログラミング", 
    "itemComment": "", 
    "itemGuid": "https://gorigorilinux.net/entry-start-java", 
    "itemSource": "", 
    "itemTitle": "はじめてのJava", 
    "itemDescription": "早速始めようテキストエディタを開いてください。テキストエディタとは、Windowsで言うところの「メモ帳」や「サクラエディタ」、「秀丸」などのアプリケーションのことを言います。そして下のような内容を書いて「Test.java」という名前をつけて保存してください。public class Test { public static void main(String[] args) { System.out.println(&amp;quot;はじめてのJava!&amp;quot;); }}これは何かと言うと、Java言語で書かれたプログラムのソースコードです。このプログラムをコンパイルして実行すると画面に「はじめてのJava!」と表示されます。JavaコンパイラのインストールJavaコンパイラとJava仮想マシンのダウンロードソースコードのままで動かすことはできません。JavaコンパイラとJavaバーチャルマシン(JVM)をインストールする必要があります。それらはOracleという...", 
    "itemPubDate": "2019-10-1-07-08-54"
>>>>>>> 39edf85... log更新
}
